
*** Running vivado
    with args -log Wrapper.vds -m64 -product Vivado -mode batch -messageDb vivado.pb -notrace -source Wrapper.tcl



****** Vivado v2021.1 (64-bit)
  **** SW Build 3247384 on Thu Jun 10 19:36:33 MDT 2021
  **** IP Build 3246043 on Fri Jun 11 00:30:35 MDT 2021
    ** Copyright 1986-2021 Xilinx, Inc. All Rights Reserved.

source Wrapper.tcl -notrace
Command: synth_design -top Wrapper -part xc7a100tcsg324-1
Starting synth_design
Attempting to get a license for feature 'Synthesis' and/or device 'xc7a100t'
INFO: [Common 17-349] Got license for feature 'Synthesis' and/or device 'xc7a100t'
INFO: [Device 21-403] Loading part xc7a100tcsg324-1
INFO: [Synth 8-7079] Multithreading enabled for synth_design using a maximum of 2 processes.
INFO: [Synth 8-7078] Launching helper process for spawning children vivado processes
INFO: [Synth 8-7075] Helper process launched with PID 12284
WARNING: [Synth 8-992] startScreen1imgAddress is already implicitly declared earlier [C:/Users/hah50/Downloads/ece-350-tank-shooter/CPU/VGAController.v:233]
WARNING: [Synth 8-992] startScreen1colorAddr is already implicitly declared earlier [C:/Users/hah50/Downloads/ece-350-tank-shooter/CPU/VGAController.v:234]
WARNING: [Synth 8-6901] identifier 'x' is used before its declaration [C:/Users/hah50/Downloads/ece-350-tank-shooter/CPU/VGAController.v:52]
WARNING: [Synth 8-6901] identifier 'x' is used before its declaration [C:/Users/hah50/Downloads/ece-350-tank-shooter/CPU/VGAController.v:52]
WARNING: [Synth 8-6901] identifier 'SPRITE_SIZE' is used before its declaration [C:/Users/hah50/Downloads/ece-350-tank-shooter/CPU/VGAController.v:52]
WARNING: [Synth 8-6901] identifier 'y' is used before its declaration [C:/Users/hah50/Downloads/ece-350-tank-shooter/CPU/VGAController.v:52]
WARNING: [Synth 8-6901] identifier 'y' is used before its declaration [C:/Users/hah50/Downloads/ece-350-tank-shooter/CPU/VGAController.v:52]
WARNING: [Synth 8-6901] identifier 'SPRITE_SIZE' is used before its declaration [C:/Users/hah50/Downloads/ece-350-tank-shooter/CPU/VGAController.v:52]
WARNING: [Synth 8-6901] identifier 'x' is used before its declaration [C:/Users/hah50/Downloads/ece-350-tank-shooter/CPU/VGAController.v:55]
WARNING: [Synth 8-6901] identifier 'x' is used before its declaration [C:/Users/hah50/Downloads/ece-350-tank-shooter/CPU/VGAController.v:55]
WARNING: [Synth 8-6901] identifier 'SPRITE_SIZE' is used before its declaration [C:/Users/hah50/Downloads/ece-350-tank-shooter/CPU/VGAController.v:55]
WARNING: [Synth 8-6901] identifier 'y' is used before its declaration [C:/Users/hah50/Downloads/ece-350-tank-shooter/CPU/VGAController.v:55]
WARNING: [Synth 8-6901] identifier 'y' is used before its declaration [C:/Users/hah50/Downloads/ece-350-tank-shooter/CPU/VGAController.v:55]
WARNING: [Synth 8-6901] identifier 'SPRITE_SIZE' is used before its declaration [C:/Users/hah50/Downloads/ece-350-tank-shooter/CPU/VGAController.v:55]
WARNING: [Synth 8-6901] identifier 'product_66_bit' is used before its declaration [C:/Users/hah50/Downloads/ece-350-tank-shooter/CPU/multiplier.v:39]
WARNING: [Synth 8-6901] identifier 'product_66_bit' is used before its declaration [C:/Users/hah50/Downloads/ece-350-tank-shooter/CPU/multiplier.v:40]
WARNING: [Synth 8-6901] identifier 'product_66_bit' is used before its declaration [C:/Users/hah50/Downloads/ece-350-tank-shooter/CPU/multiplier.v:41]
WARNING: [Synth 8-6901] identifier 'product_66_bit' is used before its declaration [C:/Users/hah50/Downloads/ece-350-tank-shooter/CPU/multiplier.v:80]
WARNING: [Synth 8-992] PC_reg_in is already implicitly declared earlier [C:/Users/hah50/Downloads/ece-350-tank-shooter/CPU/processor.v:102]
WARNING: [Synth 8-992] data_hazard is already implicitly declared earlier [C:/Users/hah50/Downloads/ece-350-tank-shooter/CPU/processor.v:130]
WARNING: [Synth 8-992] stall_pipeline is already implicitly declared earlier [C:/Users/hah50/Downloads/ece-350-tank-shooter/CPU/processor.v:325]
WARNING: [Synth 8-992] branch_taken is already implicitly declared earlier [C:/Users/hah50/Downloads/ece-350-tank-shooter/CPU/processor.v:353]
WARNING: [Synth 8-1935] empty port in module declaration [C:/Users/hah50/Downloads/ece-350-tank-shooter/CPU/processor.v:49]
WARNING: [Synth 8-6901] identifier 'fd_pc_out' is used before its declaration [C:/Users/hah50/Downloads/ece-350-tank-shooter/CPU/processor.v:87]
WARNING: [Synth 8-6901] identifier 'fd_inst_out' is used before its declaration [C:/Users/hah50/Downloads/ece-350-tank-shooter/CPU/processor.v:88]
WARNING: [Synth 8-6901] identifier 'branch_taken' is used before its declaration [C:/Users/hah50/Downloads/ece-350-tank-shooter/CPU/processor.v:89]
WARNING: [Synth 8-6901] identifier 'branch_target' is used before its declaration [C:/Users/hah50/Downloads/ece-350-tank-shooter/CPU/processor.v:90]
WARNING: [Synth 8-6901] identifier 'bypass_from_wx_exception' is used before its declaration [C:/Users/hah50/Downloads/ece-350-tank-shooter/CPU/processor.v:91]
WARNING: [Synth 8-6901] identifier 'branch_mux_out' is used before its declaration [C:/Users/hah50/Downloads/ece-350-tank-shooter/CPU/processor.v:99]
WARNING: [Synth 8-6901] identifier 'branch_target' is used before its declaration [C:/Users/hah50/Downloads/ece-350-tank-shooter/CPU/processor.v:115]
WARNING: [Synth 8-6901] identifier 'ex_inst_out' is used before its declaration [C:/Users/hah50/Downloads/ece-350-tank-shooter/CPU/processor.v:118]
WARNING: [Synth 8-6901] identifier 'xm_inst_out' is used before its declaration [C:/Users/hah50/Downloads/ece-350-tank-shooter/CPU/processor.v:119]
WARNING: [Synth 8-6901] identifier 'mw_inst_out' is used before its declaration [C:/Users/hah50/Downloads/ece-350-tank-shooter/CPU/processor.v:120]
WARNING: [Synth 8-6901] identifier 'fd_inst_out' is used before its declaration [C:/Users/hah50/Downloads/ece-350-tank-shooter/CPU/processor.v:123]
WARNING: [Synth 8-6901] identifier 'fd_inst_out' is used before its declaration [C:/Users/hah50/Downloads/ece-350-tank-shooter/CPU/processor.v:123]
WARNING: [Synth 8-6901] identifier 'fd_inst_out' is used before its declaration [C:/Users/hah50/Downloads/ece-350-tank-shooter/CPU/processor.v:123]
WARNING: [Synth 8-6901] identifier 'fd_inst_out' is used before its declaration [C:/Users/hah50/Downloads/ece-350-tank-shooter/CPU/processor.v:124]
WARNING: [Synth 8-6901] identifier 'fd_inst_out' is used before its declaration [C:/Users/hah50/Downloads/ece-350-tank-shooter/CPU/processor.v:125]
WARNING: [Synth 8-6901] identifier 'fd_inst_out' is used before its declaration [C:/Users/hah50/Downloads/ece-350-tank-shooter/CPU/processor.v:125]
WARNING: [Synth 8-6901] identifier 'fd_inst_out' is used before its declaration [C:/Users/hah50/Downloads/ece-350-tank-shooter/CPU/processor.v:126]
WARNING: [Synth 8-6901] identifier 'fd_inst_out' is used before its declaration [C:/Users/hah50/Downloads/ece-350-tank-shooter/CPU/processor.v:127]
WARNING: [Synth 8-6901] identifier 'fd_inst_out' is used before its declaration [C:/Users/hah50/Downloads/ece-350-tank-shooter/CPU/processor.v:132]
WARNING: [Synth 8-6901] identifier 'fd_inst_out' is used before its declaration [C:/Users/hah50/Downloads/ece-350-tank-shooter/CPU/processor.v:133]
WARNING: [Synth 8-6901] identifier 'fd_inst_out' is used before its declaration [C:/Users/hah50/Downloads/ece-350-tank-shooter/CPU/processor.v:134]
WARNING: [Synth 8-6901] identifier 'ex_inst_out' is used before its declaration [C:/Users/hah50/Downloads/ece-350-tank-shooter/CPU/processor.v:136]
WARNING: [Synth 8-6901] identifier 'xm_inst_out' is used before its declaration [C:/Users/hah50/Downloads/ece-350-tank-shooter/CPU/processor.v:137]
WARNING: [Synth 8-6901] identifier 'ex_inst_out' is used before its declaration [C:/Users/hah50/Downloads/ece-350-tank-shooter/CPU/processor.v:139]
WARNING: [Synth 8-6901] identifier 'ex_inst_out' is used before its declaration [C:/Users/hah50/Downloads/ece-350-tank-shooter/CPU/processor.v:140]
WARNING: [Synth 8-6901] identifier 'ex_inst_out' is used before its declaration [C:/Users/hah50/Downloads/ece-350-tank-shooter/CPU/processor.v:141]
WARNING: [Synth 8-6901] identifier 'ex_inst_out' is used before its declaration [C:/Users/hah50/Downloads/ece-350-tank-shooter/CPU/processor.v:142]
WARNING: [Synth 8-6901] identifier 'xm_inst_out' is used before its declaration [C:/Users/hah50/Downloads/ece-350-tank-shooter/CPU/processor.v:142]
WARNING: [Synth 8-6901] identifier 'mw_we' is used before its declaration [C:/Users/hah50/Downloads/ece-350-tank-shooter/CPU/processor.v:197]
WARNING: [Synth 8-6901] identifier 'mw_ctrl_writeReg' is used before its declaration [C:/Users/hah50/Downloads/ece-350-tank-shooter/CPU/processor.v:206]
WARNING: [Synth 8-6901] identifier 'mw_write_data' is used before its declaration [C:/Users/hah50/Downloads/ece-350-tank-shooter/CPU/processor.v:207]
WARNING: [Synth 8-6901] identifier 'bypass_from_mw_blt_A' is used before its declaration [C:/Users/hah50/Downloads/ece-350-tank-shooter/CPU/processor.v:246]
WARNING: [Synth 8-6901] identifier 'xm_o_out' is used before its declaration [C:/Users/hah50/Downloads/ece-350-tank-shooter/CPU/processor.v:246]
WARNING: [Synth 8-6901] identifier 'bypass_from_wx_blt_A' is used before its declaration [C:/Users/hah50/Downloads/ece-350-tank-shooter/CPU/processor.v:247]
WARNING: [Synth 8-6901] identifier 'mw_write_data' is used before its declaration [C:/Users/hah50/Downloads/ece-350-tank-shooter/CPU/processor.v:247]
WARNING: [Synth 8-6901] identifier 'bypass_from_mw_A' is used before its declaration [C:/Users/hah50/Downloads/ece-350-tank-shooter/CPU/processor.v:248]
WARNING: [Synth 8-6901] identifier 'xm_o_out' is used before its declaration [C:/Users/hah50/Downloads/ece-350-tank-shooter/CPU/processor.v:248]
WARNING: [Synth 8-6901] identifier 'bypass_from_wx_A' is used before its declaration [C:/Users/hah50/Downloads/ece-350-tank-shooter/CPU/processor.v:249]
WARNING: [Synth 8-6901] identifier 'mw_write_data' is used before its declaration [C:/Users/hah50/Downloads/ece-350-tank-shooter/CPU/processor.v:249]
WARNING: [Synth 8-6901] identifier 'bypass_from_mw_exception_A' is used before its declaration [C:/Users/hah50/Downloads/ece-350-tank-shooter/CPU/processor.v:250]
WARNING: [Synth 8-6901] identifier 'xm_o_out' is used before its declaration [C:/Users/hah50/Downloads/ece-350-tank-shooter/CPU/processor.v:250]
WARNING: [Synth 8-6901] identifier 'bypass_from_mw_blt_B' is used before its declaration [C:/Users/hah50/Downloads/ece-350-tank-shooter/CPU/processor.v:259]
WARNING: [Synth 8-6901] identifier 'xm_o_out' is used before its declaration [C:/Users/hah50/Downloads/ece-350-tank-shooter/CPU/processor.v:259]
WARNING: [Synth 8-6901] identifier 'bypass_from_wx_blt_B' is used before its declaration [C:/Users/hah50/Downloads/ece-350-tank-shooter/CPU/processor.v:260]
WARNING: [Synth 8-6901] identifier 'mw_write_data' is used before its declaration [C:/Users/hah50/Downloads/ece-350-tank-shooter/CPU/processor.v:260]
WARNING: [Synth 8-6901] identifier 'bypass_from_mw_B' is used before its declaration [C:/Users/hah50/Downloads/ece-350-tank-shooter/CPU/processor.v:261]
WARNING: [Synth 8-6901] identifier 'xm_o_out' is used before its declaration [C:/Users/hah50/Downloads/ece-350-tank-shooter/CPU/processor.v:261]
WARNING: [Synth 8-6901] identifier 'bypass_from_wx_B' is used before its declaration [C:/Users/hah50/Downloads/ece-350-tank-shooter/CPU/processor.v:262]
WARNING: [Synth 8-6901] identifier 'mw_write_data' is used before its declaration [C:/Users/hah50/Downloads/ece-350-tank-shooter/CPU/processor.v:262]
WARNING: [Synth 8-6901] identifier 'bypass_from_mw_exception_B' is used before its declaration [C:/Users/hah50/Downloads/ece-350-tank-shooter/CPU/processor.v:263]
WARNING: [Synth 8-6901] identifier 'xm_o_out' is used before its declaration [C:/Users/hah50/Downloads/ece-350-tank-shooter/CPU/processor.v:263]
WARNING: [Synth 8-6901] identifier 'prev_stall' is used before its declaration [C:/Users/hah50/Downloads/ece-350-tank-shooter/CPU/processor.v:305]
WARNING: [Synth 8-6901] identifier 'prev_stall' is used before its declaration [C:/Users/hah50/Downloads/ece-350-tank-shooter/CPU/processor.v:306]
WARNING: [Synth 8-6901] identifier 'xm_R_type' is used before its declaration [C:/Users/hah50/Downloads/ece-350-tank-shooter/CPU/processor.v:383]
WARNING: [Synth 8-6901] identifier 'xm_opcode' is used before its declaration [C:/Users/hah50/Downloads/ece-350-tank-shooter/CPU/processor.v:383]
WARNING: [Synth 8-6901] identifier 'xm_opcode' is used before its declaration [C:/Users/hah50/Downloads/ece-350-tank-shooter/CPU/processor.v:383]
WARNING: [Synth 8-6901] identifier 'xm_opcode' is used before its declaration [C:/Users/hah50/Downloads/ece-350-tank-shooter/CPU/processor.v:383]
WARNING: [Synth 8-6901] identifier 'xm_opcode' is used before its declaration [C:/Users/hah50/Downloads/ece-350-tank-shooter/CPU/processor.v:383]
WARNING: [Synth 8-6901] identifier 'xm_R_type' is used before its declaration [C:/Users/hah50/Downloads/ece-350-tank-shooter/CPU/processor.v:384]
WARNING: [Synth 8-6901] identifier 'xm_opcode' is used before its declaration [C:/Users/hah50/Downloads/ece-350-tank-shooter/CPU/processor.v:384]
WARNING: [Synth 8-6901] identifier 'xm_opcode' is used before its declaration [C:/Users/hah50/Downloads/ece-350-tank-shooter/CPU/processor.v:384]
WARNING: [Synth 8-6901] identifier 'xm_opcode' is used before its declaration [C:/Users/hah50/Downloads/ece-350-tank-shooter/CPU/processor.v:384]
WARNING: [Synth 8-6901] identifier 'xm_opcode' is used before its declaration [C:/Users/hah50/Downloads/ece-350-tank-shooter/CPU/processor.v:384]
WARNING: [Synth 8-6901] identifier 'xm_exception' is used before its declaration [C:/Users/hah50/Downloads/ece-350-tank-shooter/CPU/processor.v:386]
WARNING: [Synth 8-6901] identifier 'xm_exception' is used before its declaration [C:/Users/hah50/Downloads/ece-350-tank-shooter/CPU/processor.v:387]
WARNING: [Synth 8-6901] identifier 'xm_opcode' is used before its declaration [C:/Users/hah50/Downloads/ece-350-tank-shooter/CPU/processor.v:389]
WARNING: [Synth 8-6901] identifier 'xm_opcode' is used before its declaration [C:/Users/hah50/Downloads/ece-350-tank-shooter/CPU/processor.v:389]
WARNING: [Synth 8-6901] identifier 'xm_opcode' is used before its declaration [C:/Users/hah50/Downloads/ece-350-tank-shooter/CPU/processor.v:389]
WARNING: [Synth 8-6901] identifier 'xm_opcode' is used before its declaration [C:/Users/hah50/Downloads/ece-350-tank-shooter/CPU/processor.v:390]
WARNING: [Synth 8-6901] identifier 'xm_opcode' is used before its declaration [C:/Users/hah50/Downloads/ece-350-tank-shooter/CPU/processor.v:390]
WARNING: [Synth 8-6901] identifier 'xm_opcode' is used before its declaration [C:/Users/hah50/Downloads/ece-350-tank-shooter/CPU/processor.v:390]
WARNING: [Synth 8-6901] identifier 'mw_ctrl_writeReg' is used before its declaration [C:/Users/hah50/Downloads/ece-350-tank-shooter/CPU/processor.v:393]
WARNING: [Synth 8-6901] identifier 'mw_R_type' is used before its declaration [C:/Users/hah50/Downloads/ece-350-tank-shooter/CPU/processor.v:393]
WARNING: [Synth 8-6901] identifier 'mw_inst_out' is used before its declaration [C:/Users/hah50/Downloads/ece-350-tank-shooter/CPU/processor.v:393]
WARNING: [Synth 8-6901] identifier 'mw_inst_out' is used before its declaration [C:/Users/hah50/Downloads/ece-350-tank-shooter/CPU/processor.v:393]
WARNING: [Synth 8-6901] identifier 'mw_inst_out' is used before its declaration [C:/Users/hah50/Downloads/ece-350-tank-shooter/CPU/processor.v:393]
WARNING: [Synth 8-6901] identifier 'mw_inst_out' is used before its declaration [C:/Users/hah50/Downloads/ece-350-tank-shooter/CPU/processor.v:393]
WARNING: [Synth 8-6901] identifier 'mw_ctrl_writeReg' is used before its declaration [C:/Users/hah50/Downloads/ece-350-tank-shooter/CPU/processor.v:394]
WARNING: [Synth 8-6901] identifier 'mw_R_type' is used before its declaration [C:/Users/hah50/Downloads/ece-350-tank-shooter/CPU/processor.v:394]
WARNING: [Synth 8-6901] identifier 'mw_inst_out' is used before its declaration [C:/Users/hah50/Downloads/ece-350-tank-shooter/CPU/processor.v:394]
WARNING: [Synth 8-6901] identifier 'mw_inst_out' is used before its declaration [C:/Users/hah50/Downloads/ece-350-tank-shooter/CPU/processor.v:394]
WARNING: [Synth 8-6901] identifier 'mw_inst_out' is used before its declaration [C:/Users/hah50/Downloads/ece-350-tank-shooter/CPU/processor.v:394]
WARNING: [Synth 8-6901] identifier 'mw_inst_out' is used before its declaration [C:/Users/hah50/Downloads/ece-350-tank-shooter/CPU/processor.v:394]
WARNING: [Synth 8-6901] identifier 'mw_ctrl_writeReg' is used before its declaration [C:/Users/hah50/Downloads/ece-350-tank-shooter/CPU/processor.v:396]
INFO: [Common 17-14] Message 'Synth 8-6901' appears 100 times and further instances of the messages will be disabled. Use the Tcl command set_msg_config to change the current settings.
---------------------------------------------------------------------------------
Starting RTL Elaboration : Time (s): cpu = 00:00:03 ; elapsed = 00:00:03 . Memory (MB): peak = 1329.445 ; gain = 0.000
---------------------------------------------------------------------------------
INFO: [Synth 8-6157] synthesizing module 'Wrapper' [C:/Users/hah50/Downloads/ece-350-tank-shooter/CPU/Wrapper.v:27]
INFO: [Synth 8-6157] synthesizing module 'clk_wiz_0' [C:/Users/hah50/Downloads/ece-350-tank-shooter/project_1/project_1.runs/synth_1/.Xil/Vivado-26320-P1-03/realtime/clk_wiz_0_stub.v:5]
INFO: [Synth 8-6155] done synthesizing module 'clk_wiz_0' (1#1) [C:/Users/hah50/Downloads/ece-350-tank-shooter/project_1/project_1.runs/synth_1/.Xil/Vivado-26320-P1-03/realtime/clk_wiz_0_stub.v:5]
INFO: [Synth 8-6157] synthesizing module 'processor' [C:/Users/hah50/Downloads/ece-350-tank-shooter/CPU/processor.v:20]
INFO: [Synth 8-6157] synthesizing module 'register_32' [C:/Users/hah50/Downloads/ece-350-tank-shooter/CPU/register_32.v:1]
INFO: [Synth 8-6157] synthesizing module 'dffe_ref' [C:/Users/hah50/Downloads/ece-350-tank-shooter/CPU/dffe_ref.v:1]
INFO: [Synth 8-6155] done synthesizing module 'dffe_ref' (2#1) [C:/Users/hah50/Downloads/ece-350-tank-shooter/CPU/dffe_ref.v:1]
INFO: [Synth 8-6155] done synthesizing module 'register_32' (3#1) [C:/Users/hah50/Downloads/ece-350-tank-shooter/CPU/register_32.v:1]
INFO: [Synth 8-6157] synthesizing module 'add' [C:/Users/hah50/Downloads/ece-350-tank-shooter/CPU/add.v:1]
INFO: [Synth 8-6157] synthesizing module 'cla_block' [C:/Users/hah50/Downloads/ece-350-tank-shooter/CPU/cla_block.v:1]
INFO: [Synth 8-6155] done synthesizing module 'cla_block' (4#1) [C:/Users/hah50/Downloads/ece-350-tank-shooter/CPU/cla_block.v:1]
INFO: [Synth 8-6155] done synthesizing module 'add' (5#1) [C:/Users/hah50/Downloads/ece-350-tank-shooter/CPU/add.v:1]
INFO: [Synth 8-6157] synthesizing module 'register_64_f' [C:/Users/hah50/Downloads/ece-350-tank-shooter/CPU/register_64_f.v:1]
INFO: [Synth 8-6157] synthesizing module 'dffe_ref_negedge' [C:/Users/hah50/Downloads/ece-350-tank-shooter/CPU/dffe_ref_negedge.v:1]
INFO: [Synth 8-6155] done synthesizing module 'dffe_ref_negedge' (6#1) [C:/Users/hah50/Downloads/ece-350-tank-shooter/CPU/dffe_ref_negedge.v:1]
INFO: [Synth 8-6155] done synthesizing module 'register_64_f' (7#1) [C:/Users/hah50/Downloads/ece-350-tank-shooter/CPU/register_64_f.v:1]
INFO: [Synth 8-6157] synthesizing module 'register_128_f' [C:/Users/hah50/Downloads/ece-350-tank-shooter/CPU/register_128_f.v:1]
INFO: [Synth 8-6155] done synthesizing module 'register_128_f' (8#1) [C:/Users/hah50/Downloads/ece-350-tank-shooter/CPU/register_128_f.v:1]
INFO: [Synth 8-6157] synthesizing module 'alu' [C:/Users/hah50/Downloads/ece-350-tank-shooter/CPU/alu.v:1]
INFO: [Synth 8-6157] synthesizing module 'bitwise_and' [C:/Users/hah50/Downloads/ece-350-tank-shooter/CPU/bitwise_and.v:1]
INFO: [Synth 8-6155] done synthesizing module 'bitwise_and' (9#1) [C:/Users/hah50/Downloads/ece-350-tank-shooter/CPU/bitwise_and.v:1]
INFO: [Synth 8-6157] synthesizing module 'bitwise_or' [C:/Users/hah50/Downloads/ece-350-tank-shooter/CPU/bitwise_or.v:1]
INFO: [Synth 8-6155] done synthesizing module 'bitwise_or' (10#1) [C:/Users/hah50/Downloads/ece-350-tank-shooter/CPU/bitwise_or.v:1]
INFO: [Synth 8-6157] synthesizing module 'sll' [C:/Users/hah50/Downloads/ece-350-tank-shooter/CPU/sll.v:1]
INFO: [Synth 8-6157] synthesizing module 'mux_2_single' [C:/Users/hah50/Downloads/ece-350-tank-shooter/CPU/mux_2_to_1_single.v:1]
INFO: [Synth 8-6155] done synthesizing module 'mux_2_single' (11#1) [C:/Users/hah50/Downloads/ece-350-tank-shooter/CPU/mux_2_to_1_single.v:1]
INFO: [Synth 8-6155] done synthesizing module 'sll' (12#1) [C:/Users/hah50/Downloads/ece-350-tank-shooter/CPU/sll.v:1]
INFO: [Synth 8-6157] synthesizing module 'sra' [C:/Users/hah50/Downloads/ece-350-tank-shooter/CPU/sra.v:1]
INFO: [Synth 8-6155] done synthesizing module 'sra' (13#1) [C:/Users/hah50/Downloads/ece-350-tank-shooter/CPU/sra.v:1]
WARNING: [Synth 8-7071] port 'carry_out' of module 'add' is unconnected for instance 'adder' [C:/Users/hah50/Downloads/ece-350-tank-shooter/CPU/alu.v:22]
WARNING: [Synth 8-7023] instance 'adder' of module 'add' has 6 connections declared, but only 5 given [C:/Users/hah50/Downloads/ece-350-tank-shooter/CPU/alu.v:22]
INFO: [Synth 8-6157] synthesizing module 'sub' [C:/Users/hah50/Downloads/ece-350-tank-shooter/CPU/sub.v:1]
INFO: [Synth 8-6157] synthesizing module 'bitwise_not' [C:/Users/hah50/Downloads/ece-350-tank-shooter/CPU/bitwise_not.v:1]
INFO: [Synth 8-6155] done synthesizing module 'bitwise_not' (14#1) [C:/Users/hah50/Downloads/ece-350-tank-shooter/CPU/bitwise_not.v:1]
WARNING: [Synth 8-7071] port 'carry_out' of module 'add' is unconnected for instance 'adder' [C:/Users/hah50/Downloads/ece-350-tank-shooter/CPU/sub.v:13]
WARNING: [Synth 8-7023] instance 'adder' of module 'add' has 6 connections declared, but only 5 given [C:/Users/hah50/Downloads/ece-350-tank-shooter/CPU/sub.v:13]
INFO: [Synth 8-6155] done synthesizing module 'sub' (15#1) [C:/Users/hah50/Downloads/ece-350-tank-shooter/CPU/sub.v:1]
INFO: [Synth 8-6157] synthesizing module 'mux_8' [C:/Users/hah50/Downloads/ece-350-tank-shooter/CPU/mux_8_to_1.v:1]
INFO: [Synth 8-6157] synthesizing module 'mux_4' [C:/Users/hah50/Downloads/ece-350-tank-shooter/CPU/mux_4_to_1.v:1]
INFO: [Synth 8-6157] synthesizing module 'mux_2' [C:/Users/hah50/Downloads/ece-350-tank-shooter/CPU/mux_2_to_1.v:1]
INFO: [Synth 8-6155] done synthesizing module 'mux_2' (16#1) [C:/Users/hah50/Downloads/ece-350-tank-shooter/CPU/mux_2_to_1.v:1]
INFO: [Synth 8-6155] done synthesizing module 'mux_4' (17#1) [C:/Users/hah50/Downloads/ece-350-tank-shooter/CPU/mux_4_to_1.v:1]
INFO: [Synth 8-6155] done synthesizing module 'mux_8' (18#1) [C:/Users/hah50/Downloads/ece-350-tank-shooter/CPU/mux_8_to_1.v:1]
INFO: [Synth 8-6157] synthesizing module 'mux_4_single' [C:/Users/hah50/Downloads/ece-350-tank-shooter/CPU/mux_4_to_1_single.v:1]
INFO: [Synth 8-6155] done synthesizing module 'mux_4_single' (19#1) [C:/Users/hah50/Downloads/ece-350-tank-shooter/CPU/mux_4_to_1_single.v:1]
INFO: [Synth 8-6155] done synthesizing module 'alu' (20#1) [C:/Users/hah50/Downloads/ece-350-tank-shooter/CPU/alu.v:1]
INFO: [Synth 8-6157] synthesizing module 'multdiv' [C:/Users/hah50/Downloads/ece-350-tank-shooter/CPU/multdiv.v:1]
INFO: [Synth 8-6157] synthesizing module 'register' [C:/Users/hah50/Downloads/ece-350-tank-shooter/CPU/register.v:1]
INFO: [Synth 8-6155] done synthesizing module 'register' (21#1) [C:/Users/hah50/Downloads/ece-350-tank-shooter/CPU/register.v:1]
INFO: [Synth 8-6157] synthesizing module 'register_1bit' [C:/Users/hah50/Downloads/ece-350-tank-shooter/CPU/register_1bit.v:1]
INFO: [Synth 8-6155] done synthesizing module 'register_1bit' (22#1) [C:/Users/hah50/Downloads/ece-350-tank-shooter/CPU/register_1bit.v:1]
INFO: [Synth 8-6157] synthesizing module 'multiplier' [C:/Users/hah50/Downloads/ece-350-tank-shooter/CPU/multiplier.v:1]
INFO: [Synth 8-6157] synthesizing module 'counter' [C:/Users/hah50/Downloads/ece-350-tank-shooter/CPU/counter.v:1]
INFO: [Synth 8-6157] synthesizing module 't_flip_flop' [C:/Users/hah50/Downloads/ece-350-tank-shooter/CPU/t_flip_flop.v:1]
INFO: [Synth 8-6155] done synthesizing module 't_flip_flop' (23#1) [C:/Users/hah50/Downloads/ece-350-tank-shooter/CPU/t_flip_flop.v:1]
INFO: [Synth 8-6155] done synthesizing module 'counter' (24#1) [C:/Users/hah50/Downloads/ece-350-tank-shooter/CPU/counter.v:1]
INFO: [Synth 8-6157] synthesizing module 'mux_8_33bit' [C:/Users/hah50/Downloads/ece-350-tank-shooter/CPU/mux_8_33bit.v:1]
INFO: [Synth 8-6157] synthesizing module 'mux_4_33bit' [C:/Users/hah50/Downloads/ece-350-tank-shooter/CPU/mux_4_33bit.v:1]
INFO: [Synth 8-6157] synthesizing module 'mux_2_33bit' [C:/Users/hah50/Downloads/ece-350-tank-shooter/CPU/mux_2_33bit.v:1]
INFO: [Synth 8-6155] done synthesizing module 'mux_2_33bit' (25#1) [C:/Users/hah50/Downloads/ece-350-tank-shooter/CPU/mux_2_33bit.v:1]
INFO: [Synth 8-6155] done synthesizing module 'mux_4_33bit' (26#1) [C:/Users/hah50/Downloads/ece-350-tank-shooter/CPU/mux_4_33bit.v:1]
INFO: [Synth 8-6155] done synthesizing module 'mux_8_33bit' (27#1) [C:/Users/hah50/Downloads/ece-350-tank-shooter/CPU/mux_8_33bit.v:1]
INFO: [Synth 8-6157] synthesizing module 'register_66' [C:/Users/hah50/Downloads/ece-350-tank-shooter/CPU/register_66.v:1]
INFO: [Synth 8-6155] done synthesizing module 'register_66' (28#1) [C:/Users/hah50/Downloads/ece-350-tank-shooter/CPU/register_66.v:1]
INFO: [Synth 8-6155] done synthesizing module 'multiplier' (29#1) [C:/Users/hah50/Downloads/ece-350-tank-shooter/CPU/multiplier.v:1]
INFO: [Synth 8-6157] synthesizing module 'divider' [C:/Users/hah50/Downloads/ece-350-tank-shooter/CPU/divider.v:1]
INFO: [Synth 8-6157] synthesizing module 'inverter' [C:/Users/hah50/Downloads/ece-350-tank-shooter/CPU/inverter.v:1]
INFO: [Synth 8-6155] done synthesizing module 'inverter' (30#1) [C:/Users/hah50/Downloads/ece-350-tank-shooter/CPU/inverter.v:1]
INFO: [Synth 8-6157] synthesizing module 'register_64' [C:/Users/hah50/Downloads/ece-350-tank-shooter/CPU/register_64.v:1]
INFO: [Synth 8-6155] done synthesizing module 'register_64' (31#1) [C:/Users/hah50/Downloads/ece-350-tank-shooter/CPU/register_64.v:1]
INFO: [Synth 8-6155] done synthesizing module 'divider' (32#1) [C:/Users/hah50/Downloads/ece-350-tank-shooter/CPU/divider.v:1]
INFO: [Synth 8-6155] done synthesizing module 'multdiv' (33#1) [C:/Users/hah50/Downloads/ece-350-tank-shooter/CPU/multdiv.v:1]
INFO: [Synth 8-6157] synthesizing module 'register_96_f' [C:/Users/hah50/Downloads/ece-350-tank-shooter/CPU/register_96_f.v:1]
INFO: [Synth 8-6155] done synthesizing module 'register_96_f' (34#1) [C:/Users/hah50/Downloads/ece-350-tank-shooter/CPU/register_96_f.v:1]
INFO: [Synth 8-6157] synthesizing module 'register_1bit_f' [C:/Users/hah50/Downloads/ece-350-tank-shooter/CPU/register_1bit_f.v:1]
INFO: [Synth 8-6155] done synthesizing module 'register_1bit_f' (35#1) [C:/Users/hah50/Downloads/ece-350-tank-shooter/CPU/register_1bit_f.v:1]
WARNING: [Synth 8-308] ignoring empty port [C:/Users/hah50/Downloads/ece-350-tank-shooter/CPU/processor.v:50]
INFO: [Synth 8-6155] done synthesizing module 'processor' (36#1) [C:/Users/hah50/Downloads/ece-350-tank-shooter/CPU/processor.v:20]
WARNING: [Synth 8-7071] port 'pc_counter_debug' of module 'processor' is unconnected for instance 'CPU' [C:/Users/hah50/Downloads/ece-350-tank-shooter/CPU/Wrapper.v:103]
WARNING: [Synth 8-7071] port 'pc_instruction_debug' of module 'processor' is unconnected for instance 'CPU' [C:/Users/hah50/Downloads/ece-350-tank-shooter/CPU/Wrapper.v:103]
WARNING: [Synth 8-7071] port 'branch_taken_debug' of module 'processor' is unconnected for instance 'CPU' [C:/Users/hah50/Downloads/ece-350-tank-shooter/CPU/Wrapper.v:103]
WARNING: [Synth 8-7071] port 'branch_target_debug' of module 'processor' is unconnected for instance 'CPU' [C:/Users/hah50/Downloads/ece-350-tank-shooter/CPU/Wrapper.v:103]
WARNING: [Synth 8-7071] port 'opA_debug' of module 'processor' is unconnected for instance 'CPU' [C:/Users/hah50/Downloads/ece-350-tank-shooter/CPU/Wrapper.v:103]
WARNING: [Synth 8-7023] instance 'CPU' of module 'processor' has 21 connections declared, but only 15 given [C:/Users/hah50/Downloads/ece-350-tank-shooter/CPU/Wrapper.v:103]
INFO: [Synth 8-6157] synthesizing module 'ROM' [C:/Users/hah50/Downloads/ece-350-tank-shooter/CPU/ROM.v:2]
	Parameter MEMFILE bound to: 720'b010000110011101000101111010101010111001101100101011100100111001100101111011010000110000101101000001101010011000000101111010001000110111101110111011011100110110001101111011000010110010001110011001011110110010101100011011001010010110100110011001101010011000000101101011101000110000101101110011010110010110101110011011010000110111101101111011101000110010101110010001011110100001101010000010101010010111101010100011001010111001101110100001000000100011001101001011011000110010101110011001011110100110101100101011011010110111101110010011110010010000001000110011010010110110001100101011100110010111101110100011000010110111001101011010111110111001101101000011011110110111101110100011001010111001000101110011011010110010101101101 
INFO: [Synth 8-3876] $readmem data file 'C:/Users/hah50/Downloads/ece-350-tank-shooter/CPU/Test Files/Memory Files/tank_shooter.mem' is read successfully [C:/Users/hah50/Downloads/ece-350-tank-shooter/CPU/ROM.v:11]
INFO: [Synth 8-251] ROM initialized with file: C:/Users/hah50/Downloads/ece-350-tank-shooter/CPU/Test Files/Memory Files/tank_shooter.mem [C:/Users/hah50/Downloads/ece-350-tank-shooter/CPU/ROM.v:12]
INFO: [Synth 8-6155] done synthesizing module 'ROM' (37#1) [C:/Users/hah50/Downloads/ece-350-tank-shooter/CPU/ROM.v:2]
INFO: [Synth 8-6157] synthesizing module 'regfile' [C:/Users/hah50/Downloads/ece-350-tank-shooter/CPU/regfile.v:1]
INFO: [Synth 8-6155] done synthesizing module 'regfile' (38#1) [C:/Users/hah50/Downloads/ece-350-tank-shooter/CPU/regfile.v:1]
INFO: [Synth 8-6157] synthesizing module 'RAM' [C:/Users/hah50/Downloads/ece-350-tank-shooter/CPU/RAM.v:2]
INFO: [Synth 8-6155] done synthesizing module 'RAM' (39#1) [C:/Users/hah50/Downloads/ece-350-tank-shooter/CPU/RAM.v:2]
INFO: [Synth 8-6157] synthesizing module 'MMIO' [C:/Users/hah50/Downloads/ece-350-tank-shooter/CPU/MMIO.v:1]
INFO: [Synth 8-6155] done synthesizing module 'MMIO' (40#1) [C:/Users/hah50/Downloads/ece-350-tank-shooter/CPU/MMIO.v:1]
INFO: [Synth 8-6157] synthesizing module 'SpriteRAM' [C:/Users/hah50/Downloads/ece-350-tank-shooter/CPU/SpriteRAM.v:2]
	Parameter DATA_WIDTH bound to: 32 - type: integer 
	Parameter ADDRESS_WIDTH bound to: 2 - type: integer 
	Parameter DEPTH bound to: 4 - type: integer 
INFO: [Synth 8-6155] done synthesizing module 'SpriteRAM' (41#1) [C:/Users/hah50/Downloads/ece-350-tank-shooter/CPU/SpriteRAM.v:2]
INFO: [Synth 8-6157] synthesizing module 'BulletRAM' [C:/Users/hah50/Downloads/ece-350-tank-shooter/CPU/BulletRAM.v:2]
	Parameter DATA_WIDTH bound to: 32 - type: integer 
	Parameter ADDRESS_WIDTH bound to: 6 - type: integer 
	Parameter DEPTH bound to: 64 - type: integer 
INFO: [Synth 8-6155] done synthesizing module 'BulletRAM' (42#1) [C:/Users/hah50/Downloads/ece-350-tank-shooter/CPU/BulletRAM.v:2]
INFO: [Synth 8-6157] synthesizing module 'HealthRAM' [C:/Users/hah50/Downloads/ece-350-tank-shooter/CPU/HealthRAM.v:2]
	Parameter DATA_WIDTH bound to: 32 - type: integer 
	Parameter ADDRESS_WIDTH bound to: 1 - type: integer 
	Parameter DEPTH bound to: 2 - type: integer 
INFO: [Synth 8-6155] done synthesizing module 'HealthRAM' (43#1) [C:/Users/hah50/Downloads/ece-350-tank-shooter/CPU/HealthRAM.v:2]
INFO: [Synth 8-6157] synthesizing module 'ArenaRAM' [C:/Users/hah50/Downloads/ece-350-tank-shooter/CPU/ArenaRAM.v:2]
	Parameter DATA_WIDTH bound to: 32 - type: integer 
	Parameter ADDRESS_WIDTH bound to: 11 - type: integer 
	Parameter DEPTH bound to: 1250 - type: integer 
	Parameter MEMFILE bound to: arena_ram_init.mem - type: string 
INFO: [Synth 8-3876] $readmem data file 'arena_ram_init.mem' is read successfully [C:/Users/hah50/Downloads/ece-350-tank-shooter/CPU/ArenaRAM.v:21]
INFO: [Synth 8-6155] done synthesizing module 'ArenaRAM' (44#1) [C:/Users/hah50/Downloads/ece-350-tank-shooter/CPU/ArenaRAM.v:2]
INFO: [Synth 8-6157] synthesizing module 'VGAController' [C:/Users/hah50/Downloads/ece-350-tank-shooter/CPU/VGAController.v:2]
INFO: [Synth 8-6157] synthesizing module 'VGATimingGenerator' [C:/Users/hah50/Downloads/ece-350-tank-shooter/CPU/VGATimingGenerator.v:2]
	Parameter HEIGHT bound to: 480 - type: integer 
	Parameter WIDTH bound to: 640 - type: integer 
INFO: [Synth 8-6155] done synthesizing module 'VGATimingGenerator' (45#1) [C:/Users/hah50/Downloads/ece-350-tank-shooter/CPU/VGATimingGenerator.v:2]
INFO: [Synth 8-6157] synthesizing module 'VRAM' [C:/Users/hah50/Downloads/ece-350-tank-shooter/CPU/VRAM.v:2]
	Parameter DATA_WIDTH bound to: 9 - type: integer 
	Parameter ADDRESS_WIDTH bound to: 13 - type: integer 
	Parameter DEPTH bound to: 4096 - type: integer 
	Parameter MEMFILE bound to: 568'b0100001100111010001011110101010101110011011001010111001001110011001011110110100001100001011010000011010100110000001011110100010001101111011101110110111001101100011011110110000101100100011100110010111101100101011000110110010100101101001100110011010100110000001011010111010001100001011011100110101100101101011100110110100001101111011011110111010001100101011100100010111101101101011001010110110101011111011001100110100101101100011001010111001100101111011100000011000101010100011000010110111001101011011010010110110101100001011001110110010100101110011011010110010101101101 
INFO: [Synth 8-3876] $readmem data file 'C:/Users/hah50/Downloads/ece-350-tank-shooter/mem_files/p1Tankimage.mem' is read successfully [C:/Users/hah50/Downloads/ece-350-tank-shooter/CPU/VRAM.v:11]
INFO: [Synth 8-6155] done synthesizing module 'VRAM' (46#1) [C:/Users/hah50/Downloads/ece-350-tank-shooter/CPU/VRAM.v:2]
INFO: [Synth 8-6157] synthesizing module 'VRAM__parameterized0' [C:/Users/hah50/Downloads/ece-350-tank-shooter/CPU/VRAM.v:2]
	Parameter DATA_WIDTH bound to: 12 - type: integer 
	Parameter ADDRESS_WIDTH bound to: 9 - type: integer 
	Parameter DEPTH bound to: 256 - type: integer 
	Parameter MEMFILE bound to: 576'b010000110011101000101111010101010111001101100101011100100111001100101111011010000110000101101000001101010011000000101111010001000110111101110111011011100110110001101111011000010110010001110011001011110110010101100011011001010010110100110011001101010011000000101101011101000110000101101110011010110010110101110011011010000110111101101111011101000110010101110010001011110110110101100101011011010101111101100110011010010110110001100101011100110010111101110000001100010101010001100001011011100110101101100011011011110110110001101111011100100111001100101110011011010110010101101101 
INFO: [Synth 8-3876] $readmem data file 'C:/Users/hah50/Downloads/ece-350-tank-shooter/mem_files/p1Tankcolors.mem' is read successfully [C:/Users/hah50/Downloads/ece-350-tank-shooter/CPU/VRAM.v:11]
INFO: [Synth 8-6155] done synthesizing module 'VRAM__parameterized0' (46#1) [C:/Users/hah50/Downloads/ece-350-tank-shooter/CPU/VRAM.v:2]
INFO: [Synth 8-6157] synthesizing module 'VRAM__parameterized1' [C:/Users/hah50/Downloads/ece-350-tank-shooter/CPU/VRAM.v:2]
	Parameter DATA_WIDTH bound to: 9 - type: integer 
	Parameter ADDRESS_WIDTH bound to: 13 - type: integer 
	Parameter DEPTH bound to: 4096 - type: integer 
	Parameter MEMFILE bound to: 568'b0100001100111010001011110101010101110011011001010111001001110011001011110110100001100001011010000011010100110000001011110100010001101111011101110110111001101100011011110110000101100100011100110010111101100101011000110110010100101101001100110011010100110000001011010111010001100001011011100110101100101101011100110110100001101111011011110111010001100101011100100010111101101101011001010110110101011111011001100110100101101100011001010111001100101111011100000011001001010100011000010110111001101011011010010110110101100001011001110110010100101110011011010110010101101101 
INFO: [Synth 8-3876] $readmem data file 'C:/Users/hah50/Downloads/ece-350-tank-shooter/mem_files/p2Tankimage.mem' is read successfully [C:/Users/hah50/Downloads/ece-350-tank-shooter/CPU/VRAM.v:11]
INFO: [Synth 8-6155] done synthesizing module 'VRAM__parameterized1' (46#1) [C:/Users/hah50/Downloads/ece-350-tank-shooter/CPU/VRAM.v:2]
INFO: [Synth 8-6157] synthesizing module 'VRAM__parameterized2' [C:/Users/hah50/Downloads/ece-350-tank-shooter/CPU/VRAM.v:2]
	Parameter DATA_WIDTH bound to: 12 - type: integer 
	Parameter ADDRESS_WIDTH bound to: 9 - type: integer 
	Parameter DEPTH bound to: 256 - type: integer 
	Parameter MEMFILE bound to: 576'b010000110011101000101111010101010111001101100101011100100111001100101111011010000110000101101000001101010011000000101111010001000110111101110111011011100110110001101111011000010110010001110011001011110110010101100011011001010010110100110011001101010011000000101101011101000110000101101110011010110010110101110011011010000110111101101111011101000110010101110010001011110110110101100101011011010101111101100110011010010110110001100101011100110010111101110000001100100101010001100001011011100110101101100011011011110110110001101111011100100111001100101110011011010110010101101101 
INFO: [Synth 8-3876] $readmem data file 'C:/Users/hah50/Downloads/ece-350-tank-shooter/mem_files/p2Tankcolors.mem' is read successfully [C:/Users/hah50/Downloads/ece-350-tank-shooter/CPU/VRAM.v:11]
INFO: [Synth 8-6155] done synthesizing module 'VRAM__parameterized2' (46#1) [C:/Users/hah50/Downloads/ece-350-tank-shooter/CPU/VRAM.v:2]
INFO: [Synth 8-6157] synthesizing module 'VRAM__parameterized3' [C:/Users/hah50/Downloads/ece-350-tank-shooter/CPU/VRAM.v:2]
	Parameter DATA_WIDTH bound to: 9 - type: integer 
	Parameter ADDRESS_WIDTH bound to: 20 - type: integer 
	Parameter DEPTH bound to: 307200 - type: integer 
	Parameter MEMFILE bound to: 616'b0100001100111010001011110101010101110011011001010111001001110011001011110110100001100001011010000011010100110000001011110100010001101111011101110110111001101100011011110110000101100100011100110010111101100101011000110110010100101101001100110011010100110000001011010111010001100001011011100110101100101101011100110110100001101111011011110111010001100101011100100010111101101101011001010110110101011111011001100110100101101100011001010111001100101111011000010111001001100101011011100110000101001101011000010111000001010000011001010110111001110100011010010110110101100001011001110110010100101110011011010110010101101101 
INFO: [Synth 8-3876] $readmem data file 'C:/Users/hah50/Downloads/ece-350-tank-shooter/mem_files/arenaMapPentimage.mem' is read successfully [C:/Users/hah50/Downloads/ece-350-tank-shooter/CPU/VRAM.v:11]
INFO: [Synth 8-6155] done synthesizing module 'VRAM__parameterized3' (46#1) [C:/Users/hah50/Downloads/ece-350-tank-shooter/CPU/VRAM.v:2]
INFO: [Synth 8-6157] synthesizing module 'VRAM__parameterized4' [C:/Users/hah50/Downloads/ece-350-tank-shooter/CPU/VRAM.v:2]
	Parameter DATA_WIDTH bound to: 12 - type: integer 
	Parameter ADDRESS_WIDTH bound to: 9 - type: integer 
	Parameter DEPTH bound to: 256 - type: integer 
	Parameter MEMFILE bound to: 624'b010000110011101000101111010101010111001101100101011100100111001100101111011010000110000101101000001101010011000000101111010001000110111101110111011011100110110001101111011000010110010001110011001011110110010101100011011001010010110100110011001101010011000000101101011101000110000101101110011010110010110101110011011010000110111101101111011101000110010101110010001011110110110101100101011011010101111101100110011010010110110001100101011100110010111101100001011100100110010101101110011000010100110101100001011100000101000001100101011011100111010001100011011011110110110001101111011100100111001100101110011011010110010101101101 
INFO: [Synth 8-3876] $readmem data file 'C:/Users/hah50/Downloads/ece-350-tank-shooter/mem_files/arenaMapPentcolors.mem' is read successfully [C:/Users/hah50/Downloads/ece-350-tank-shooter/CPU/VRAM.v:11]
INFO: [Synth 8-6155] done synthesizing module 'VRAM__parameterized4' (46#1) [C:/Users/hah50/Downloads/ece-350-tank-shooter/CPU/VRAM.v:2]
INFO: [Synth 8-6157] synthesizing module 'VRAM__parameterized5' [C:/Users/hah50/Downloads/ece-350-tank-shooter/CPU/VRAM.v:2]
	Parameter DATA_WIDTH bound to: 9 - type: integer 
	Parameter ADDRESS_WIDTH bound to: 20 - type: integer 
	Parameter DEPTH bound to: 307200 - type: integer 
	Parameter MEMFILE bound to: 616'b0100001100111010001011110101010101110011011001010111001001110011001011110110100001100001011010000011010100110000001011110100010001101111011101110110111001101100011011110110000101100100011100110010111101100101011000110110010100101101001100110011010100110000001011010111010001100001011011100110101100101101011100110110100001101111011011110111010001100101011100100010111101101101011001010110110101011111011001100110100101101100011001010111001100101111011100110111010001100001011100100111010001010011011000110111001001100101011001010110111000110001011010010110110101100001011001110110010100101110011011010110010101101101 
INFO: [Synth 8-3876] $readmem data file 'C:/Users/hah50/Downloads/ece-350-tank-shooter/mem_files/startScreen1image.mem' is read successfully [C:/Users/hah50/Downloads/ece-350-tank-shooter/CPU/VRAM.v:11]
INFO: [Synth 8-6155] done synthesizing module 'VRAM__parameterized5' (46#1) [C:/Users/hah50/Downloads/ece-350-tank-shooter/CPU/VRAM.v:2]
INFO: [Synth 8-6157] synthesizing module 'VRAM__parameterized6' [C:/Users/hah50/Downloads/ece-350-tank-shooter/CPU/VRAM.v:2]
	Parameter DATA_WIDTH bound to: 12 - type: integer 
	Parameter ADDRESS_WIDTH bound to: 9 - type: integer 
	Parameter DEPTH bound to: 256 - type: integer 
	Parameter MEMFILE bound to: 624'b010000110011101000101111010101010111001101100101011100100111001100101111011010000110000101101000001101010011000000101111010001000110111101110111011011100110110001101111011000010110010001110011001011110110010101100011011001010010110100110011001101010011000000101101011101000110000101101110011010110010110101110011011010000110111101101111011101000110010101110010001011110110110101100101011011010101111101100110011010010110110001100101011100110010111101110011011101000110000101110010011101000101001101100011011100100110010101100101011011100011000101100011011011110110110001101111011100100111001100101110011011010110010101101101 
INFO: [Synth 8-3876] $readmem data file 'C:/Users/hah50/Downloads/ece-350-tank-shooter/mem_files/startScreen1colors.mem' is read successfully [C:/Users/hah50/Downloads/ece-350-tank-shooter/CPU/VRAM.v:11]
INFO: [Synth 8-6155] done synthesizing module 'VRAM__parameterized6' (46#1) [C:/Users/hah50/Downloads/ece-350-tank-shooter/CPU/VRAM.v:2]
INFO: [Synth 8-6155] done synthesizing module 'VGAController' (47#1) [C:/Users/hah50/Downloads/ece-350-tank-shooter/CPU/VGAController.v:2]
INFO: [Synth 8-6155] done synthesizing module 'Wrapper' (48#1) [C:/Users/hah50/Downloads/ece-350-tank-shooter/CPU/Wrapper.v:27]
---------------------------------------------------------------------------------
Finished RTL Elaboration : Time (s): cpu = 00:00:08 ; elapsed = 00:00:09 . Memory (MB): peak = 1778.883 ; gain = 449.438
---------------------------------------------------------------------------------
---------------------------------------------------------------------------------
Start Handling Custom Attributes
---------------------------------------------------------------------------------
---------------------------------------------------------------------------------
Finished Handling Custom Attributes : Time (s): cpu = 00:00:10 ; elapsed = 00:00:10 . Memory (MB): peak = 1778.883 ; gain = 449.438
---------------------------------------------------------------------------------
---------------------------------------------------------------------------------
Finished RTL Optimization Phase 1 : Time (s): cpu = 00:00:10 ; elapsed = 00:00:10 . Memory (MB): peak = 1778.883 ; gain = 449.438
---------------------------------------------------------------------------------
Netlist sorting complete. Time (s): cpu = 00:00:00 ; elapsed = 00:00:00.165 . Memory (MB): peak = 1778.883 ; gain = 0.000
INFO: [Project 1-570] Preparing netlist for logic optimization

Processing XDC Constraints
Initializing timing engine
Parsing XDC File [c:/Users/hah50/Downloads/ece-350-tank-shooter/project_1/project_1.gen/sources_1/ip/clk_wiz_0/clk_wiz_0/clk_wiz_0_in_context.xdc] for cell 'pll'
Finished Parsing XDC File [c:/Users/hah50/Downloads/ece-350-tank-shooter/project_1/project_1.gen/sources_1/ip/clk_wiz_0/clk_wiz_0/clk_wiz_0_in_context.xdc] for cell 'pll'
Parsing XDC File [C:/Users/hah50/Downloads/ece-350-tank-shooter/constraints.xdc]
CRITICAL WARNING: [Designutils 20-1307] Command '//' is not supported in the xdc constraint file. [C:/Users/hah50/Downloads/ece-350-tank-shooter/constraints.xdc:1]
CRITICAL WARNING: [Designutils 20-1307] Command '//' is not supported in the xdc constraint file. [C:/Users/hah50/Downloads/ece-350-tank-shooter/constraints.xdc:9]
CRITICAL WARNING: [Designutils 20-1307] Command '//' is not supported in the xdc constraint file. [C:/Users/hah50/Downloads/ece-350-tank-shooter/constraints.xdc:13]
CRITICAL WARNING: [Designutils 20-1307] Command '//' is not supported in the xdc constraint file. [C:/Users/hah50/Downloads/ece-350-tank-shooter/constraints.xdc:39]
CRITICAL WARNING: [Designutils 20-1307] Command '//' is not supported in the xdc constraint file. [C:/Users/hah50/Downloads/ece-350-tank-shooter/constraints.xdc:45]
WARNING: [Vivado 12-584] No ports matched 'ps2_clk'. [C:/Users/hah50/Downloads/ece-350-tank-shooter/constraints.xdc:46]
WARNING: [Vivado 12-584] No ports matched 'ps2_data'. [C:/Users/hah50/Downloads/ece-350-tank-shooter/constraints.xdc:47]
WARNING: [Vivado 12-584] No ports matched 'ps2_clk'. [C:/Users/hah50/Downloads/ece-350-tank-shooter/constraints.xdc:48]
WARNING: [Vivado 12-584] No ports matched 'ps2_data'. [C:/Users/hah50/Downloads/ece-350-tank-shooter/constraints.xdc:49]
WARNING: [Vivado 12-584] No ports matched 'CPU_RESETN'. [C:/Users/hah50/Downloads/ece-350-tank-shooter/constraints.xdc:52]
WARNING: [Vivado 12-584] No ports matched 'BTNC'. [C:/Users/hah50/Downloads/ece-350-tank-shooter/constraints.xdc:53]
WARNING: [Vivado 12-584] No ports matched 'BTNU'. [C:/Users/hah50/Downloads/ece-350-tank-shooter/constraints.xdc:54]
WARNING: [Vivado 12-584] No ports matched 'BTNL'. [C:/Users/hah50/Downloads/ece-350-tank-shooter/constraints.xdc:55]
WARNING: [Vivado 12-584] No ports matched 'BTNR'. [C:/Users/hah50/Downloads/ece-350-tank-shooter/constraints.xdc:56]
WARNING: [Vivado 12-584] No ports matched 'BTND'. [C:/Users/hah50/Downloads/ece-350-tank-shooter/constraints.xdc:57]
Finished Parsing XDC File [C:/Users/hah50/Downloads/ece-350-tank-shooter/constraints.xdc]
WARNING: [Project 1-498] One or more constraints failed evaluation while reading constraint file [C:/Users/hah50/Downloads/ece-350-tank-shooter/constraints.xdc] and the design contains unresolved black boxes. These constraints will be read post-synthesis (as long as their source constraint file is marked as used_in_implementation) and should be applied correctly then. You should review the constraints listed in the file [.Xil/Wrapper_propImpl.xdc] and check the run log file to verify that these constraints were correctly applied.
INFO: [Project 1-236] Implementation specific constraints were found while reading constraint file [C:/Users/hah50/Downloads/ece-350-tank-shooter/constraints.xdc]. These constraints will be ignored for synthesis but will be used in implementation. Impacted constraints are listed in the file [.Xil/Wrapper_propImpl.xdc].
Resolution: To avoid this warning, move constraints listed in [.Xil/Wrapper_propImpl.xdc] to another XDC file and exclude this new file from synthesis with the used_in_synthesis property (File Properties dialog in GUI) and re-run elaboration/synthesis.
Completed Processing XDC Constraints

Netlist sorting complete. Time (s): cpu = 00:00:00 ; elapsed = 00:00:00.009 . Memory (MB): peak = 1790.398 ; gain = 0.000
INFO: [Project 1-111] Unisim Transformation Summary:
No Unisim elements were transformed.

Constraint Validation Runtime : Time (s): cpu = 00:00:01 ; elapsed = 00:00:00.061 . Memory (MB): peak = 1790.398 ; gain = 0.000
---------------------------------------------------------------------------------
Finished Constraint Validation : Time (s): cpu = 00:00:18 ; elapsed = 00:00:18 . Memory (MB): peak = 1790.398 ; gain = 460.953
---------------------------------------------------------------------------------
---------------------------------------------------------------------------------
Start Loading Part and Timing Information
---------------------------------------------------------------------------------
Loading part: xc7a100tcsg324-1
---------------------------------------------------------------------------------
Finished Loading Part and Timing Information : Time (s): cpu = 00:00:18 ; elapsed = 00:00:18 . Memory (MB): peak = 1790.398 ; gain = 460.953
---------------------------------------------------------------------------------
---------------------------------------------------------------------------------
Start Applying 'set_property' XDC Constraints
---------------------------------------------------------------------------------
Applied set_property IO_BUFFER_TYPE = NONE for clk_100mhz. (constraint file  c:/Users/hah50/Downloads/ece-350-tank-shooter/project_1/project_1.gen/sources_1/ip/clk_wiz_0/clk_wiz_0/clk_wiz_0_in_context.xdc, line 3).
Applied set_property CLOCK_BUFFER_TYPE = NONE for clk_100mhz. (constraint file  c:/Users/hah50/Downloads/ece-350-tank-shooter/project_1/project_1.gen/sources_1/ip/clk_wiz_0/clk_wiz_0/clk_wiz_0_in_context.xdc, line 4).
Applied set_property KEEP_HIERARCHY = SOFT for pll. (constraint file  auto generated constraint).
---------------------------------------------------------------------------------
Finished applying 'set_property' XDC Constraints : Time (s): cpu = 00:00:18 ; elapsed = 00:00:18 . Memory (MB): peak = 1790.398 ; gain = 460.953
---------------------------------------------------------------------------------
---------------------------------------------------------------------------------
Finished RTL Optimization Phase 2 : Time (s): cpu = 00:00:59 ; elapsed = 00:01:01 . Memory (MB): peak = 2418.773 ; gain = 1089.328
---------------------------------------------------------------------------------
---------------------------------------------------------------------------------
Start RTL Component Statistics 
---------------------------------------------------------------------------------
Detailed RTL Component Info : 
+---Adders : 
	   3 Input   12 Bit       Adders := 66    
	   3 Input   11 Bit       Adders := 66    
	   2 Input   10 Bit       Adders := 2     
	   3 Input   10 Bit       Adders := 2     
	   3 Input    9 Bit       Adders := 2     
+---XORs : 
	   2 Input     32 Bit         XORs := 1     
	   3 Input      1 Bit         XORs := 321   
	   2 Input      1 Bit         XORs := 1     
+---Registers : 
	               32 Bit    Registers := 77    
	               12 Bit    Registers := 4     
	               10 Bit    Registers := 2     
	                8 Bit    Registers := 1     
	                6 Bit    Registers := 2     
	                4 Bit    Registers := 1     
	                1 Bit    Registers := 1685  
+---RAMs : 
	             128K Bit	(4096 X 32 bit)          RAMs := 1     
	              39K Bit	(1250 X 32 bit)          RAMs := 1     
+---ROMs : 
	                    ROMs := 5     
+---Muxes : 
	   2 Input   64 Bit        Muxes := 1     
	   2 Input   33 Bit        Muxes := 8     
	   2 Input   32 Bit        Muxes := 38    
	   3 Input   32 Bit        Muxes := 1     
	   4 Input   32 Bit        Muxes := 1     
	 257 Input   12 Bit        Muxes := 4     
	   2 Input   12 Bit        Muxes := 4     
	   2 Input   10 Bit        Muxes := 1     
	   2 Input    9 Bit        Muxes := 1     
	   2 Input    5 Bit        Muxes := 7     
	   3 Input    5 Bit        Muxes := 1     
	   6 Input    3 Bit        Muxes := 1     
	   2 Input    1 Bit        Muxes := 724   
	   7 Input    1 Bit        Muxes := 1     
	   3 Input    1 Bit        Muxes := 1     
	  64 Input    1 Bit        Muxes := 1     
---------------------------------------------------------------------------------
Finished RTL Component Statistics 
---------------------------------------------------------------------------------
---------------------------------------------------------------------------------
Start Part Resource Summary
---------------------------------------------------------------------------------
Part Resources:
DSPs: 240 (col length:80)
BRAMs: 270 (col length: RAMB18 80 RAMB36 40)
---------------------------------------------------------------------------------
Finished Part Resource Summary
---------------------------------------------------------------------------------
---------------------------------------------------------------------------------
Start Cross Boundary and Area Optimization
---------------------------------------------------------------------------------
DSP Report: Generating DSP imgAddress, operation Mode is: C+(A:0x280)*B.
DSP Report: operator imgAddress is absorbed into DSP imgAddress.
DSP Report: operator imgAddress0 is absorbed into DSP imgAddress.
---------------------------------------------------------------------------------
Finished Cross Boundary and Area Optimization : Time (s): cpu = 00:01:46 ; elapsed = 00:01:49 . Memory (MB): peak = 2418.773 ; gain = 1089.328
---------------------------------------------------------------------------------
