Copyright 1986-2021 Xilinx, Inc. All Rights Reserved.
-------------------------------------------------------------------------------------------------------------------------------------------
| Tool Version     : Vivado v.2021.1 (win64) Build 3247384 Thu Jun 10 19:36:33 MDT 2021
| Date             : Fri Dec  6 15:57:15 2024
| Host             : P1-02 running 64-bit major release  (build 9200)
| Command          : report_power -file Wrapper_power_routed.rpt -pb Wrapper_power_summary_routed.pb -rpx Wrapper_power_routed.rpx
| Design           : Wrapper
| Device           : xc7a100tcsg324-1
| Design State     : routed
| Grade            : commercial
| Process          : typical
| Characterization : Production
-------------------------------------------------------------------------------------------------------------------------------------------

Power Report

Table of Contents
-----------------
1. Summary
1.1 On-Chip Components
1.2 Power Supply Summary
1.3 Confidence Level
2. Settings
2.1 Environment
2.2 Clock Constraints
3. Detailed Reports
3.1 By Hierarchy

1. Summary
----------

+--------------------------+--------------+
| Total On-Chip Power (W)  | 0.234        |
| Design Power Budget (W)  | Unspecified* |
| Power Budget Margin (W)  | NA           |
| Dynamic (W)              | 0.132        |
| Device Static (W)        | 0.102        |
| Effective TJA (C/W)      | 4.6          |
| Max Ambient (C)          | 83.9         |
| Junction Temperature (C) | 26.1         |
| Confidence Level         | Low          |
| Setting File             | ---          |
| Simulation Activity File | ---          |
| Design Nets Matched      | NA           |
+--------------------------+--------------+
* Specify Design Power Budget using, set_operating_conditions -design_power_budget <value in Watts>


1.1 On-Chip Components
----------------------

+----------------+-----------+----------+-----------+-----------------+
| On-Chip        | Power (W) | Used     | Available | Utilization (%) |
+----------------+-----------+----------+-----------+-----------------+
| Clocks         |     0.004 |        8 |       --- |             --- |
| Slice Logic    |     0.007 |    12833 |       --- |             --- |
|   LUT as Logic |     0.007 |     5805 |     63400 |            9.16 |
|   Register     |    <0.001 |     3819 |    126800 |            3.01 |
|   CARRY4       |    <0.001 |      661 |     15850 |            4.17 |
|   F7/F8 Muxes  |    <0.001 |      401 |     63400 |            0.63 |
|   Others       |     0.000 |      231 |       --- |             --- |
| Signals        |     0.009 |     8215 |       --- |             --- |
| Block RAM      |     0.012 |       90 |       135 |           66.67 |
| PLL            |     0.098 |        1 |         6 |           16.67 |
| DSPs           |    <0.001 |        1 |       240 |            0.42 |
| I/O            |     0.002 |       28 |       210 |           13.33 |
| Static Power   |     0.102 |          |           |                 |
| Total          |     0.234 |          |           |                 |
+----------------+-----------+----------+-----------+-----------------+


1.2 Power Supply Summary
------------------------

+-----------+-------------+-----------+-------------+------------+-------------+-------------+------------+
| Source    | Voltage (V) | Total (A) | Dynamic (A) | Static (A) | Powerup (A) | Budget (A)  | Margin (A) |
+-----------+-------------+-----------+-------------+------------+-------------+-------------+------------+
| Vccint    |       1.000 |     0.058 |       0.041 |      0.017 |       NA    | Unspecified | NA         |
| Vccaux    |       1.800 |     0.068 |       0.049 |      0.018 |       NA    | Unspecified | NA         |
| Vcco33    |       3.300 |     0.005 |       0.001 |      0.004 |       NA    | Unspecified | NA         |
| Vcco25    |       2.500 |     0.000 |       0.000 |      0.000 |       NA    | Unspecified | NA         |
| Vcco18    |       1.800 |     0.000 |       0.000 |      0.000 |       NA    | Unspecified | NA         |
| Vcco15    |       1.500 |     0.000 |       0.000 |      0.000 |       NA    | Unspecified | NA         |
| Vcco135   |       1.350 |     0.000 |       0.000 |      0.000 |       NA    | Unspecified | NA         |
| Vcco12    |       1.200 |     0.000 |       0.000 |      0.000 |       NA    | Unspecified | NA         |
| Vccaux_io |       1.800 |     0.000 |       0.000 |      0.000 |       NA    | Unspecified | NA         |
| Vccbram   |       1.000 |     0.003 |       0.001 |      0.002 |       NA    | Unspecified | NA         |
| MGTAVcc   |       1.000 |     0.000 |       0.000 |      0.000 |       NA    | Unspecified | NA         |
| MGTAVtt   |       1.200 |     0.000 |       0.000 |      0.000 |       NA    | Unspecified | NA         |
| Vccadc    |       1.800 |     0.020 |       0.000 |      0.020 |       NA    | Unspecified | NA         |
+-----------+-------------+-----------+-------------+------------+-------------+-------------+------------+


1.3 Confidence Level
--------------------

+-----------------------------+------------+--------------------------------------------------------+------------------------------------------------------------------------------------------------------------+
| User Input Data             | Confidence | Details                                                | Action                                                                                                     |
+-----------------------------+------------+--------------------------------------------------------+------------------------------------------------------------------------------------------------------------+
| Design implementation state | High       | Design is routed                                       |                                                                                                            |
| Clock nodes activity        | High       | User specified more than 95% of clocks                 |                                                                                                            |
| I/O nodes activity          | Low        | More than 75% of inputs are missing user specification | Provide missing input activity with simulation results or by editing the "By Resource Type -> I/Os" view   |
| Internal nodes activity     | Medium     | User specified less than 25% of internal nodes         | Provide missing internal nodes activity with simulation results or by editing the "By Resource Type" views |
| Device models               | High       | Device models are Production                           |                                                                                                            |
|                             |            |                                                        |                                                                                                            |
| Overall confidence level    | Low        |                                                        |                                                                                                            |
+-----------------------------+------------+--------------------------------------------------------+------------------------------------------------------------------------------------------------------------+


2. Settings
-----------

2.1 Environment
---------------

+-----------------------+--------------------------+
| Ambient Temp (C)      | 25.0                     |
| ThetaJA (C/W)         | 4.6                      |
| Airflow (LFM)         | 250                      |
| Heat Sink             | medium (Medium Profile)  |
| ThetaSA (C/W)         | 4.6                      |
| Board Selection       | medium (10"x10")         |
| # of Board Layers     | 12to15 (12 to 15 Layers) |
| Board Temperature (C) | 25.0                     |
+-----------------------+--------------------------+


2.2 Clock Constraints
---------------------

+----------------------+-----------------------------+-----------------+
| Clock                | Domain                      | Constraint (ns) |
+----------------------+-----------------------------+-----------------+
| clk_100mhz           | clk_100mhz                  |            10.0 |
| clk_out1_clk_wiz_0   | pll/inst/clk_out1_clk_wiz_0 |            40.0 |
| clk_out1_clk_wiz_0_1 | pll/inst/clk_out1_clk_wiz_0 |            40.0 |
| clkfbout_clk_wiz_0   | pll/inst/clkfbout_clk_wiz_0 |            40.0 |
| clkfbout_clk_wiz_0_1 | pll/inst/clkfbout_clk_wiz_0 |            40.0 |
| sys_clk_pin          | clk_100mhz                  |            10.0 |
+----------------------+-----------------------------+-----------------+


3. Detailed Reports
-------------------

3.1 By Hierarchy
----------------

+-------------------------+-----------+
| Name                    | Power (W) |
+-------------------------+-----------+
| Wrapper                 |     0.132 |
|   BulletRAMInstance     |     0.003 |
|   CPU                   |     0.013 |
|     D_X_reg             |     0.004 |
|       reg_loop[29].dff  |     0.002 |
|     F_D_reg             |     0.002 |
|       reg_loop[29].dff  |     0.001 |
|     M_W_reg             |     0.002 |
|       reg_loop[27].dff  |     0.002 |
|     X_M_reg             |     0.001 |
|     multdiv_unit        |     0.003 |
|       div_unit          |     0.001 |
|       mult_unit         |     0.001 |
|   InstMem               |     0.002 |
|   ProcMem               |     0.002 |
|   RegisterFile          |     0.002 |
|   VGAControllerInstance |     0.010 |
|     Display             |     0.001 |
|     ImageData           |     0.007 |
|   pll                   |     0.098 |
|     inst                |     0.098 |
+-------------------------+-----------+


